<?xml version="1.0" encoding="UTF-8"?>
<testsuite name="test.java.SortDemoTest" tests="12" skipped="0" failures="0" errors="0" timestamp="2018-10-21T21:50:06" hostname="Jahnvis-MacBook-Pro.local" time="0.009">
  <properties/>
  <testcase name="NonIntegerValue" classname="test.java.SortDemoTest" time="0.002"/>
  <testcase name="runInsertionSort" classname="test.java.SortDemoTest" time="0.004"/>
  <testcase name="negativeArraySize" classname="test.java.SortDemoTest" time="0.0"/>
  <testcase name="runSelectionSort" classname="test.java.SortDemoTest" time="0.0"/>
  <testcase name="SameNumber" classname="test.java.SortDemoTest" time="0.0"/>
  <testcase name="NoNumber" classname="test.java.SortDemoTest" time="0.0"/>
  <testcase name="runBubbleSort" classname="test.java.SortDemoTest" time="0.0"/>
  <testcase name="NoSuchElem" classname="test.java.SortDemoTest" time="0.0"/>
  <testcase name="verifyDefaultt" classname="test.java.SortDemoTest" time="0.0"/>
  <testcase name="runMergeSort" classname="test.java.SortDemoTest" time="0.001"/>
  <testcase name="testNumber" classname="test.java.SortDemoTest" time="0.0"/>
  <testcase name="runHeapSort" classname="test.java.SortDemoTest" time="0.0"/>
  <system-out><![CDATA[]]></system-out>
  <system-err><![CDATA[]]></system-err>
</testsuite>
